[     181ms] [VERBOSE] [DOM] Input elements should have autocomplete attributes (suggested: "current-password"): (More info: https://goo.gl/9p2vKq) %o @ https://wheelchair2-front.vercel.app/:0
[   51345ms] [LOG] ✅ [Mobile Hook] 소켓 연결 성공! @ https://wheelchair2-front.vercel.app/_next/static/chunks/app/(protected)/mobile-view/page-324e961fd716ca56.js:4
[   55017ms] [WARNING] The resource https://wheelchair2-front.vercel.app/_next/static/css/22f1e50fa1b6c8bd.css was preloaded using link preload but not used within a few seconds from the window's load event. Please make sure it has an appropriate `as` value and it is preloaded intentionally. @ https://wheelchair2-front.vercel.app/mobile-view:0
[   79302ms] [WARNING] The resource https://wheelchair2-front.vercel.app/_next/static/css/22f1e50fa1b6c8bd.css was preloaded using link preload but not used within a few seconds from the window's load event. Please make sure it has an appropriate `as` value and it is preloaded intentionally. @ https://wheelchair2-front.vercel.app/mobile-view:0
[   94003ms] [WARNING] The resource https://wheelchair2-front.vercel.app/_next/static/css/22f1e50fa1b6c8bd.css was preloaded using link preload but not used within a few seconds from the window's load event. Please make sure it has an appropriate `as` value and it is preloaded intentionally. @ https://wheelchair2-front.vercel.app/mobile-view:0
[   94325ms] [ERROR] Failed to load resource: the server responded with a status of 500 () @ https://wheelchair2-front.vercel.app/api/device-info:0
[   94325ms] [ERROR] Failed to load resource: the server responded with a status of 500 () @ https://wheelchair2-front.vercel.app/api/device-info:0
[   94326ms] [ERROR] Failed to load resource: the server responded with a status of 500 () @ https://wheelchair2-front.vercel.app/api/device-info:0
[   94327ms] [ERROR] Failed to load resource: the server responded with a status of 500 () @ https://wheelchair2-front.vercel.app/api/device-info:0
[   94327ms] [ERROR] Failed to load resource: the server responded with a status of 500 () @ https://wheelchair2-front.vercel.app/api/device-info:0
[   94328ms] [ERROR] Failed to load resource: the server responded with a status of 500 () @ https://wheelchair2-front.vercel.app/api/device-info:0
[   94330ms] [ERROR] Failed to load resource: the server responded with a status of 500 () @ https://wheelchair2-front.vercel.app/api/device-info:0
[   94331ms] [ERROR] Failed to load resource: the server responded with a status of 500 () @ https://wheelchair2-front.vercel.app/api/device-info:0
[   94335ms] [ERROR] Failed to load resource: the server responded with a status of 500 () @ https://wheelchair2-front.vercel.app/api/device-info:0
[   94336ms] [ERROR] Failed to load resource: the server responded with a status of 500 () @ https://wheelchair2-front.vercel.app/api/device-info:0
[   94365ms] [ERROR] Failed to load resource: the server responded with a status of 500 () @ https://wheelchair2-front.vercel.app/api/device-info:0
[   94370ms] [ERROR] Failed to load resource: the server responded with a status of 500 () @ https://wheelchair2-front.vercel.app/api/device-info:0
[   94370ms] [ERROR] Failed to load resource: the server responded with a status of 500 () @ https://wheelchair2-front.vercel.app/api/device-info:0
[   94370ms] [ERROR] Failed to load resource: the server responded with a status of 500 () @ https://wheelchair2-front.vercel.app/api/device-info:0
[   94370ms] [ERROR] Failed to load resource: the server responded with a status of 500 () @ https://wheelchair2-front.vercel.app/api/device-info:0
[   94381ms] [ERROR] Failed to load resource: the server responded with a status of 500 () @ https://wheelchair2-front.vercel.app/api/device-info:0
[   94383ms] [ERROR] Failed to load resource: the server responded with a status of 500 () @ https://wheelchair2-front.vercel.app/api/device-info:0
[   94383ms] [ERROR] Failed to load resource: the server responded with a status of 500 () @ https://wheelchair2-front.vercel.app/api/device-info:0
[   94390ms] [ERROR] Failed to load resource: the server responded with a status of 500 () @ https://wheelchair2-front.vercel.app/api/device-info:0
[   94394ms] [ERROR] Failed to load resource: the server responded with a status of 500 () @ https://wheelchair2-front.vercel.app/api/device-info:0
[   94395ms] [ERROR] Failed to load resource: the server responded with a status of 500 () @ https://wheelchair2-front.vercel.app/api/device-info:0
[   94396ms] [ERROR] Failed to load resource: the server responded with a status of 500 () @ https://wheelchair2-front.vercel.app/api/device-info:0
[   94406ms] [ERROR] Failed to load resource: the server responded with a status of 500 () @ https://wheelchair2-front.vercel.app/api/device-info:0
[   97474ms] [WARNING] The resource https://wheelchair2-front.vercel.app/_next/static/css/22f1e50fa1b6c8bd.css was preloaded using link preload but not used within a few seconds from the window's load event. Please make sure it has an appropriate `as` value and it is preloaded intentionally. @ https://wheelchair2-front.vercel.app/mobile-view:0
[   97580ms] [ERROR] Failed to load resource: the server responded with a status of 500 () @ https://wheelchair2-front.vercel.app/api/device-info:0
[   97588ms] [ERROR] Failed to load resource: the server responded with a status of 500 () @ https://wheelchair2-front.vercel.app/api/device-info:0
[   97596ms] [ERROR] Failed to load resource: the server responded with a status of 500 () @ https://wheelchair2-front.vercel.app/api/device-info:0
[   97624ms] [ERROR] Failed to load resource: the server responded with a status of 500 () @ https://wheelchair2-front.vercel.app/api/device-info:0
[   97626ms] [ERROR] Failed to load resource: the server responded with a status of 500 () @ https://wheelchair2-front.vercel.app/api/device-info:0
[   97629ms] [ERROR] Failed to load resource: the server responded with a status of 500 () @ https://wheelchair2-front.vercel.app/api/device-info:0
[   97629ms] [ERROR] Failed to load resource: the server responded with a status of 500 () @ https://wheelchair2-front.vercel.app/api/device-info:0
[   97639ms] [ERROR] Failed to load resource: the server responded with a status of 500 () @ https://wheelchair2-front.vercel.app/api/device-info:0
[   97639ms] [ERROR] Failed to load resource: the server responded with a status of 500 () @ https://wheelchair2-front.vercel.app/api/device-info:0
[   97642ms] [ERROR] Failed to load resource: the server responded with a status of 500 () @ https://wheelchair2-front.vercel.app/api/device-info:0
[   97682ms] [ERROR] Failed to load resource: the server responded with a status of 500 () @ https://wheelchair2-front.vercel.app/api/device-info:0
[   97689ms] [ERROR] Failed to load resource: the server responded with a status of 500 () @ https://wheelchair2-front.vercel.app/api/device-info:0
[   97690ms] [ERROR] Failed to load resource: the server responded with a status of 500 () @ https://wheelchair2-front.vercel.app/api/device-info:0
[   97691ms] [ERROR] Failed to load resource: the server responded with a status of 500 () @ https://wheelchair2-front.vercel.app/api/device-info:0
[   97694ms] [ERROR] Failed to load resource: the server responded with a status of 500 () @ https://wheelchair2-front.vercel.app/api/device-info:0
[   97694ms] [ERROR] Failed to load resource: the server responded with a status of 500 () @ https://wheelchair2-front.vercel.app/api/device-info:0
[   97695ms] [ERROR] Failed to load resource: the server responded with a status of 500 () @ https://wheelchair2-front.vercel.app/api/device-info:0
[   97708ms] [ERROR] Failed to load resource: the server responded with a status of 500 () @ https://wheelchair2-front.vercel.app/api/device-info:0
[   97718ms] [ERROR] Failed to load resource: the server responded with a status of 500 () @ https://wheelchair2-front.vercel.app/api/device-info:0
[   97719ms] [ERROR] Failed to load resource: the server responded with a status of 500 () @ https://wheelchair2-front.vercel.app/api/device-info:0
[   97722ms] [ERROR] Failed to load resource: the server responded with a status of 500 () @ https://wheelchair2-front.vercel.app/api/device-info:0
[   97724ms] [ERROR] Failed to load resource: the server responded with a status of 500 () @ https://wheelchair2-front.vercel.app/api/device-info:0
[   97727ms] [ERROR] Failed to load resource: the server responded with a status of 500 () @ https://wheelchair2-front.vercel.app/api/device-info:0
[   97731ms] [ERROR] Failed to load resource: the server responded with a status of 500 () @ https://wheelchair2-front.vercel.app/api/device-info:0
[   97739ms] [ERROR] Failed to load resource: the server responded with a status of 500 () @ https://wheelchair2-front.vercel.app/api/device-info:0
[   97741ms] [ERROR] Failed to load resource: the server responded with a status of 500 () @ https://wheelchair2-front.vercel.app/api/device-info:0
[   97751ms] [ERROR] Failed to load resource: the server responded with a status of 500 () @ https://wheelchair2-front.vercel.app/api/device-info:0
[   97753ms] [ERROR] Failed to load resource: the server responded with a status of 500 () @ https://wheelchair2-front.vercel.app/api/device-info:0
[   97761ms] [ERROR] Failed to load resource: the server responded with a status of 500 () @ https://wheelchair2-front.vercel.app/api/device-info:0
[   97765ms] [ERROR] Failed to load resource: the server responded with a status of 500 () @ https://wheelchair2-front.vercel.app/api/device-info:0
[   97772ms] [ERROR] Failed to load resource: the server responded with a status of 500 () @ https://wheelchair2-front.vercel.app/api/device-info:0
[   97788ms] [ERROR] Failed to load resource: the server responded with a status of 500 () @ https://wheelchair2-front.vercel.app/api/device-info:0
[   97790ms] [ERROR] Failed to load resource: the server responded with a status of 500 () @ https://wheelchair2-front.vercel.app/api/device-info:0
[   97790ms] [ERROR] Failed to load resource: the server responded with a status of 500 () @ https://wheelchair2-front.vercel.app/api/device-info:0
[   97797ms] [ERROR] Failed to load resource: the server responded with a status of 500 () @ https://wheelchair2-front.vercel.app/api/device-info:0
[   97799ms] [ERROR] Failed to load resource: the server responded with a status of 500 () @ https://wheelchair2-front.vercel.app/api/device-info:0
[   97812ms] [ERROR] Failed to load resource: the server responded with a status of 500 () @ https://wheelchair2-front.vercel.app/api/device-info:0
[   97831ms] [ERROR] Failed to load resource: the server responded with a status of 500 () @ https://wheelchair2-front.vercel.app/api/device-info:0
[   97843ms] [ERROR] Failed to load resource: the server responded with a status of 500 () @ https://wheelchair2-front.vercel.app/api/device-info:0
[   97844ms] [ERROR] Failed to load resource: the server responded with a status of 500 () @ https://wheelchair2-front.vercel.app/api/device-info:0
[   97849ms] [ERROR] Failed to load resource: the server responded with a status of 500 () @ https://wheelchair2-front.vercel.app/api/device-info:0
[   97850ms] [ERROR] Failed to load resource: the server responded with a status of 500 () @ https://wheelchair2-front.vercel.app/api/device-info:0
[   97872ms] [ERROR] Failed to load resource: the server responded with a status of 500 () @ https://wheelchair2-front.vercel.app/api/device-info:0
[   97875ms] [ERROR] Failed to load resource: the server responded with a status of 500 () @ https://wheelchair2-front.vercel.app/api/device-info:0
[   97876ms] [ERROR] Failed to load resource: the server responded with a status of 500 () @ https://wheelchair2-front.vercel.app/api/device-info:0
[   97883ms] [ERROR] Failed to load resource: the server responded with a status of 500 () @ https://wheelchair2-front.vercel.app/api/device-info:0
[   97891ms] [ERROR] Failed to load resource: the server responded with a status of 500 () @ https://wheelchair2-front.vercel.app/api/device-info:0
[   97896ms] [ERROR] Failed to load resource: the server responded with a status of 500 () @ https://wheelchair2-front.vercel.app/api/device-info:0
[   97902ms] [ERROR] Failed to load resource: the server responded with a status of 500 () @ https://wheelchair2-front.vercel.app/api/device-info:0
[   97910ms] [ERROR] Failed to load resource: the server responded with a status of 500 () @ https://wheelchair2-front.vercel.app/api/device-info:0
[   97919ms] [ERROR] Failed to load resource: the server responded with a status of 500 () @ https://wheelchair2-front.vercel.app/api/device-info:0
[   97920ms] [ERROR] Failed to load resource: the server responded with a status of 500 () @ https://wheelchair2-front.vercel.app/api/device-info:0
[   97943ms] [ERROR] Failed to load resource: the server responded with a status of 500 () @ https://wheelchair2-front.vercel.app/api/device-info:0
[   97953ms] [ERROR] Failed to load resource: the server responded with a status of 500 () @ https://wheelchair2-front.vercel.app/api/device-info:0
[   97962ms] [ERROR] Failed to load resource: the server responded with a status of 500 () @ https://wheelchair2-front.vercel.app/api/device-info:0
[   97964ms] [ERROR] Failed to load resource: the server responded with a status of 500 () @ https://wheelchair2-front.vercel.app/api/device-info:0
[   97971ms] [ERROR] Failed to load resource: the server responded with a status of 500 () @ https://wheelchair2-front.vercel.app/api/device-info:0
[   98002ms] [ERROR] Failed to load resource: the server responded with a status of 500 () @ https://wheelchair2-front.vercel.app/api/device-info:0
[   98019ms] [ERROR] Failed to load resource: the server responded with a status of 500 () @ https://wheelchair2-front.vercel.app/api/device-info:0
[   98019ms] [ERROR] Failed to load resource: the server responded with a status of 500 () @ https://wheelchair2-front.vercel.app/api/device-info:0
[   98026ms] [ERROR] Failed to load resource: the server responded with a status of 500 () @ https://wheelchair2-front.vercel.app/api/device-info:0
[   98030ms] [ERROR] Failed to load resource: the server responded with a status of 500 () @ https://wheelchair2-front.vercel.app/api/device-info:0
[   98037ms] [ERROR] Failed to load resource: the server responded with a status of 500 () @ https://wheelchair2-front.vercel.app/api/device-info:0
[   98037ms] [ERROR] Failed to load resource: the server responded with a status of 500 () @ https://wheelchair2-front.vercel.app/api/device-info:0
[   98039ms] [ERROR] Failed to load resource: the server responded with a status of 500 () @ https://wheelchair2-front.vercel.app/api/device-info:0
[   98050ms] [ERROR] Failed to load resource: the server responded with a status of 500 () @ https://wheelchair2-front.vercel.app/api/device-info:0
[   98051ms] [ERROR] Failed to load resource: the server responded with a status of 500 () @ https://wheelchair2-front.vercel.app/api/device-info:0
[   98052ms] [ERROR] Failed to load resource: the server responded with a status of 500 () @ https://wheelchair2-front.vercel.app/api/device-info:0
[   98053ms] [ERROR] Failed to load resource: the server responded with a status of 500 () @ https://wheelchair2-front.vercel.app/api/device-info:0
[   98055ms] [ERROR] Failed to load resource: the server responded with a status of 500 () @ https://wheelchair2-front.vercel.app/api/device-info:0
[   98066ms] [ERROR] Failed to load resource: the server responded with a status of 500 () @ https://wheelchair2-front.vercel.app/api/device-info:0
[   98067ms] [ERROR] Failed to load resource: the server responded with a status of 500 () @ https://wheelchair2-front.vercel.app/api/device-info:0
[   98067ms] [ERROR] Failed to load resource: the server responded with a status of 500 () @ https://wheelchair2-front.vercel.app/api/device-info:0
[   98069ms] [ERROR] Failed to load resource: the server responded with a status of 500 () @ https://wheelchair2-front.vercel.app/api/device-info:0
[   98083ms] [ERROR] Failed to load resource: the server responded with a status of 500 () @ https://wheelchair2-front.vercel.app/api/device-info:0
[   98084ms] [ERROR] Failed to load resource: the server responded with a status of 500 () @ https://wheelchair2-front.vercel.app/api/device-info:0
[   98089ms] [ERROR] Failed to load resource: the server responded with a status of 500 () @ https://wheelchair2-front.vercel.app/api/device-info:0
[   98099ms] [ERROR] Failed to load resource: the server responded with a status of 500 () @ https://wheelchair2-front.vercel.app/api/device-info:0
[   98100ms] [ERROR] Failed to load resource: the server responded with a status of 500 () @ https://wheelchair2-front.vercel.app/api/device-info:0
[   98101ms] [ERROR] Failed to load resource: the server responded with a status of 500 () @ https://wheelchair2-front.vercel.app/api/device-info:0
[   98101ms] [ERROR] Failed to load resource: the server responded with a status of 500 () @ https://wheelchair2-front.vercel.app/api/device-info:0
[   98105ms] [ERROR] Failed to load resource: the server responded with a status of 500 () @ https://wheelchair2-front.vercel.app/api/device-info:0
[   98109ms] [ERROR] Failed to load resource: the server responded with a status of 500 () @ https://wheelchair2-front.vercel.app/api/device-info:0
[   98118ms] [ERROR] Failed to load resource: the server responded with a status of 500 () @ https://wheelchair2-front.vercel.app/api/device-info:0
[   98119ms] [ERROR] Failed to load resource: the server responded with a status of 500 () @ https://wheelchair2-front.vercel.app/api/device-info:0
[   98124ms] [ERROR] Failed to load resource: the server responded with a status of 500 () @ https://wheelchair2-front.vercel.app/api/device-info:0
[   98126ms] [ERROR] Failed to load resource: the server responded with a status of 500 () @ https://wheelchair2-front.vercel.app/api/device-info:0
[   98126ms] [ERROR] Failed to load resource: the server responded with a status of 500 () @ https://wheelchair2-front.vercel.app/api/device-info:0
[   98127ms] [ERROR] Failed to load resource: the server responded with a status of 500 () @ https://wheelchair2-front.vercel.app/api/device-info:0
[   98128ms] [ERROR] Failed to load resource: the server responded with a status of 500 () @ https://wheelchair2-front.vercel.app/api/device-info:0
[   98129ms] [ERROR] Failed to load resource: the server responded with a status of 500 () @ https://wheelchair2-front.vercel.app/api/device-info:0
[   98132ms] [ERROR] Failed to load resource: the server responded with a status of 500 () @ https://wheelchair2-front.vercel.app/api/device-info:0
[   98140ms] [ERROR] Failed to load resource: the server responded with a status of 500 () @ https://wheelchair2-front.vercel.app/api/device-info:0
[   98143ms] [ERROR] Failed to load resource: the server responded with a status of 500 () @ https://wheelchair2-front.vercel.app/api/device-info:0
[   98173ms] [ERROR] Failed to load resource: the server responded with a status of 500 () @ https://wheelchair2-front.vercel.app/api/device-info:0
[   98173ms] [ERROR] Failed to load resource: the server responded with a status of 500 () @ https://wheelchair2-front.vercel.app/api/device-info:0
[  101249ms] [WARNING] The resource https://wheelchair2-front.vercel.app/_next/static/css/22f1e50fa1b6c8bd.css was preloaded using link preload but not used within a few seconds from the window's load event. Please make sure it has an appropriate `as` value and it is preloaded intentionally. @ https://wheelchair2-front.vercel.app/mobile-view:0
[  101376ms] [ERROR] Failed to load resource: the server responded with a status of 500 () @ https://wheelchair2-front.vercel.app/api/device-info:0
[  101383ms] [ERROR] Failed to load resource: the server responded with a status of 500 () @ https://wheelchair2-front.vercel.app/api/device-info:0
[  101390ms] [ERROR] Failed to load resource: the server responded with a status of 500 () @ https://wheelchair2-front.vercel.app/api/device-info:0
[  101404ms] [ERROR] Failed to load resource: the server responded with a status of 500 () @ https://wheelchair2-front.vercel.app/api/device-info:0
[  101416ms] [ERROR] Failed to load resource: the server responded with a status of 500 () @ https://wheelchair2-front.vercel.app/api/device-info:0
[  101428ms] [ERROR] Failed to load resource: the server responded with a status of 500 () @ https://wheelchair2-front.vercel.app/api/device-info:0
[  101428ms] [ERROR] Failed to load resource: the server responded with a status of 500 () @ https://wheelchair2-front.vercel.app/api/device-info:0
[  101434ms] [ERROR] Failed to load resource: the server responded with a status of 500 () @ https://wheelchair2-front.vercel.app/api/device-info:0
[  101437ms] [ERROR] Failed to load resource: the server responded with a status of 500 () @ https://wheelchair2-front.vercel.app/api/device-info:0
[  101440ms] [ERROR] Failed to load resource: the server responded with a status of 500 () @ https://wheelchair2-front.vercel.app/api/device-info:0
[  101440ms] [ERROR] Failed to load resource: the server responded with a status of 500 () @ https://wheelchair2-front.vercel.app/api/device-info:0
[  101440ms] [ERROR] Failed to load resource: the server responded with a status of 500 () @ https://wheelchair2-front.vercel.app/api/device-info:0
[  101442ms] [ERROR] Failed to load resource: the server responded with a status of 500 () @ https://wheelchair2-front.vercel.app/api/device-info:0
[  101444ms] [ERROR] Failed to load resource: the server responded with a status of 500 () @ https://wheelchair2-front.vercel.app/api/device-info:0
[  101480ms] [ERROR] Failed to load resource: the server responded with a status of 500 () @ https://wheelchair2-front.vercel.app/api/device-info:0
[  101483ms] [ERROR] Failed to load resource: the server responded with a status of 500 () @ https://wheelchair2-front.vercel.app/api/device-info:0
[  101485ms] [ERROR] Failed to load resource: the server responded with a status of 500 () @ https://wheelchair2-front.vercel.app/api/device-info:0
[  101486ms] [ERROR] Failed to load resource: the server responded with a status of 500 () @ https://wheelchair2-front.vercel.app/api/device-info:0
[  101486ms] [ERROR] Failed to load resource: the server responded with a status of 500 () @ https://wheelchair2-front.vercel.app/api/device-info:0
[  101493ms] [ERROR] Failed to load resource: the server responded with a status of 500 () @ https://wheelchair2-front.vercel.app/api/device-info:0
[  101495ms] [ERROR] Failed to load resource: the server responded with a status of 500 () @ https://wheelchair2-front.vercel.app/api/device-info:0
[  101496ms] [ERROR] Failed to load resource: the server responded with a status of 500 () @ https://wheelchair2-front.vercel.app/api/device-info:0
[  101496ms] [ERROR] Failed to load resource: the server responded with a status of 500 () @ https://wheelchair2-front.vercel.app/api/device-info:0
[  101500ms] [ERROR] Failed to load resource: the server responded with a status of 500 () @ https://wheelchair2-front.vercel.app/api/device-info:0
[  101548ms] [ERROR] Failed to load resource: the server responded with a status of 500 () @ https://wheelchair2-front.vercel.app/api/device-info:0
[  101565ms] [ERROR] Failed to load resource: the server responded with a status of 500 () @ https://wheelchair2-front.vercel.app/api/device-info:0
[  101566ms] [ERROR] Failed to load resource: the server responded with a status of 500 () @ https://wheelchair2-front.vercel.app/api/device-info:0
[  101567ms] [ERROR] Failed to load resource: the server responded with a status of 500 () @ https://wheelchair2-front.vercel.app/api/device-info:0
[  101575ms] [ERROR] Failed to load resource: the server responded with a status of 500 () @ https://wheelchair2-front.vercel.app/api/device-info:0
[  101588ms] [ERROR] Failed to load resource: the server responded with a status of 500 () @ https://wheelchair2-front.vercel.app/api/device-info:0
[  101597ms] [ERROR] Failed to load resource: the server responded with a status of 500 () @ https://wheelchair2-front.vercel.app/api/device-info:0
[  101598ms] [ERROR] Failed to load resource: the server responded with a status of 500 () @ https://wheelchair2-front.vercel.app/api/device-info:0
[  101599ms] [ERROR] Failed to load resource: the server responded with a status of 500 () @ https://wheelchair2-front.vercel.app/api/device-info:0
[  101600ms] [ERROR] Failed to load resource: the server responded with a status of 500 () @ https://wheelchair2-front.vercel.app/api/device-info:0
[  101602ms] [ERROR] Failed to load resource: the server responded with a status of 500 () @ https://wheelchair2-front.vercel.app/api/device-info:0
[  101603ms] [ERROR] Failed to load resource: the server responded with a status of 500 () @ https://wheelchair2-front.vercel.app/api/device-info:0
[  101604ms] [ERROR] Failed to load resource: the server responded with a status of 500 () @ https://wheelchair2-front.vercel.app/api/device-info:0
[  101621ms] [ERROR] Failed to load resource: the server responded with a status of 500 () @ https://wheelchair2-front.vercel.app/api/device-info:0
[  101621ms] [ERROR] Failed to load resource: the server responded with a status of 500 () @ https://wheelchair2-front.vercel.app/api/device-info:0
[  101623ms] [ERROR] Failed to load resource: the server responded with a status of 500 () @ https://wheelchair2-front.vercel.app/api/device-info:0
[  101625ms] [ERROR] Failed to load resource: the server responded with a status of 500 () @ https://wheelchair2-front.vercel.app/api/device-info:0
[  101634ms] [ERROR] Failed to load resource: the server responded with a status of 500 () @ https://wheelchair2-front.vercel.app/api/device-info:0
[  101636ms] [ERROR] Failed to load resource: the server responded with a status of 500 () @ https://wheelchair2-front.vercel.app/api/device-info:0
[  101645ms] [ERROR] Failed to load resource: the server responded with a status of 500 () @ https://wheelchair2-front.vercel.app/api/device-info:0
[  101651ms] [ERROR] Failed to load resource: the server responded with a status of 500 () @ https://wheelchair2-front.vercel.app/api/device-info:0
[  101658ms] [ERROR] Failed to load resource: the server responded with a status of 500 () @ https://wheelchair2-front.vercel.app/api/device-info:0
[  101678ms] [ERROR] Failed to load resource: the server responded with a status of 500 () @ https://wheelchair2-front.vercel.app/api/device-info:0
[  101683ms] [ERROR] Failed to load resource: the server responded with a status of 500 () @ https://wheelchair2-front.vercel.app/api/device-info:0
[  101686ms] [ERROR] Failed to load resource: the server responded with a status of 500 () @ https://wheelchair2-front.vercel.app/api/device-info:0
[  101694ms] [ERROR] Failed to load resource: the server responded with a status of 500 () @ https://wheelchair2-front.vercel.app/api/device-info:0
[  101699ms] [ERROR] Failed to load resource: the server responded with a status of 500 () @ https://wheelchair2-front.vercel.app/api/device-info:0
[  101709ms] [ERROR] Failed to load resource: the server responded with a status of 500 () @ https://wheelchair2-front.vercel.app/api/device-info:0
[  101725ms] [ERROR] Failed to load resource: the server responded with a status of 500 () @ https://wheelchair2-front.vercel.app/api/device-info:0
[  101729ms] [ERROR] Failed to load resource: the server responded with a status of 500 () @ https://wheelchair2-front.vercel.app/api/device-info:0
[  101736ms] [ERROR] Failed to load resource: the server responded with a status of 500 () @ https://wheelchair2-front.vercel.app/api/device-info:0
[  101738ms] [ERROR] Failed to load resource: the server responded with a status of 500 () @ https://wheelchair2-front.vercel.app/api/device-info:0
[  101749ms] [ERROR] Failed to load resource: the server responded with a status of 500 () @ https://wheelchair2-front.vercel.app/api/device-info:0
[  101750ms] [ERROR] Failed to load resource: the server responded with a status of 500 () @ https://wheelchair2-front.vercel.app/api/device-info:0
[  101777ms] [ERROR] Failed to load resource: the server responded with a status of 500 () @ https://wheelchair2-front.vercel.app/api/device-info:0
[  101799ms] [ERROR] Failed to load resource: the server responded with a status of 500 () @ https://wheelchair2-front.vercel.app/api/device-info:0
[  101803ms] [ERROR] Failed to load resource: the server responded with a status of 500 () @ https://wheelchair2-front.vercel.app/api/device-info:0
[  101803ms] [ERROR] Failed to load resource: the server responded with a status of 500 () @ https://wheelchair2-front.vercel.app/api/device-info:0
[  101807ms] [ERROR] Failed to load resource: the server responded with a status of 500 () @ https://wheelchair2-front.vercel.app/api/device-info:0
[  101811ms] [ERROR] Failed to load resource: the server responded with a status of 500 () @ https://wheelchair2-front.vercel.app/api/device-info:0
[  101812ms] [ERROR] Failed to load resource: the server responded with a status of 500 () @ https://wheelchair2-front.vercel.app/api/device-info:0
[  101815ms] [ERROR] Failed to load resource: the server responded with a status of 500 () @ https://wheelchair2-front.vercel.app/api/device-info:0
[  101816ms] [ERROR] Failed to load resource: the server responded with a status of 500 () @ https://wheelchair2-front.vercel.app/api/device-info:0
[  101816ms] [ERROR] Failed to load resource: the server responded with a status of 500 () @ https://wheelchair2-front.vercel.app/api/device-info:0
[  101830ms] [ERROR] Failed to load resource: the server responded with a status of 500 () @ https://wheelchair2-front.vercel.app/api/device-info:0
[  101836ms] [ERROR] Failed to load resource: the server responded with a status of 500 () @ https://wheelchair2-front.vercel.app/api/device-info:0
[  101848ms] [ERROR] Failed to load resource: the server responded with a status of 500 () @ https://wheelchair2-front.vercel.app/api/device-info:0
[  101851ms] [ERROR] Failed to load resource: the server responded with a status of 500 () @ https://wheelchair2-front.vercel.app/api/device-info:0
[  101871ms] [ERROR] Failed to load resource: the server responded with a status of 500 () @ https://wheelchair2-front.vercel.app/api/device-info:0
[  101879ms] [ERROR] Failed to load resource: the server responded with a status of 500 () @ https://wheelchair2-front.vercel.app/api/device-info:0
[  101881ms] [ERROR] Failed to load resource: the server responded with a status of 500 () @ https://wheelchair2-front.vercel.app/api/device-info:0
[  101902ms] [ERROR] Failed to load resource: the server responded with a status of 500 () @ https://wheelchair2-front.vercel.app/api/device-info:0
[  101923ms] [ERROR] Failed to load resource: the server responded with a status of 500 () @ https://wheelchair2-front.vercel.app/api/device-info:0
[  101924ms] [ERROR] Failed to load resource: the server responded with a status of 500 () @ https://wheelchair2-front.vercel.app/api/device-info:0
[  101926ms] [ERROR] Failed to load resource: the server responded with a status of 500 () @ https://wheelchair2-front.vercel.app/api/device-info:0
[  101926ms] [ERROR] Failed to load resource: the server responded with a status of 500 () @ https://wheelchair2-front.vercel.app/api/device-info:0
[  101929ms] [ERROR] Failed to load resource: the server responded with a status of 500 () @ https://wheelchair2-front.vercel.app/api/device-info:0
[  101942ms] [ERROR] Failed to load resource: the server responded with a status of 500 () @ https://wheelchair2-front.vercel.app/api/device-info:0
[  101949ms] [ERROR] Failed to load resource: the server responded with a status of 500 () @ https://wheelchair2-front.vercel.app/api/device-info:0
[  101968ms] [ERROR] Failed to load resource: the server responded with a status of 500 () @ https://wheelchair2-front.vercel.app/api/device-info:0
[  102001ms] [ERROR] Failed to load resource: the server responded with a status of 500 () @ https://wheelchair2-front.vercel.app/api/device-info:0
[  102011ms] [ERROR] Failed to load resource: the server responded with a status of 500 () @ https://wheelchair2-front.vercel.app/api/device-info:0
[  102020ms] [ERROR] Failed to load resource: the server responded with a status of 500 () @ https://wheelchair2-front.vercel.app/api/device-info:0
[  102021ms] [ERROR] Failed to load resource: the server responded with a status of 500 () @ https://wheelchair2-front.vercel.app/api/device-info:0
[  102022ms] [ERROR] Failed to load resource: the server responded with a status of 500 () @ https://wheelchair2-front.vercel.app/api/device-info:0
[  102026ms] [ERROR] Failed to load resource: the server responded with a status of 500 () @ https://wheelchair2-front.vercel.app/api/device-info:0
[  102030ms] [ERROR] Failed to load resource: the server responded with a status of 500 () @ https://wheelchair2-front.vercel.app/api/device-info:0
[  102050ms] [ERROR] Failed to load resource: the server responded with a status of 500 () @ https://wheelchair2-front.vercel.app/api/device-info:0
[  102052ms] [ERROR] Failed to load resource: the server responded with a status of 500 () @ https://wheelchair2-front.vercel.app/api/device-info:0
[  102064ms] [ERROR] Failed to load resource: the server responded with a status of 500 () @ https://wheelchair2-front.vercel.app/api/device-info:0
[  102067ms] [ERROR] Failed to load resource: the server responded with a status of 500 () @ https://wheelchair2-front.vercel.app/api/device-info:0
[  102083ms] [ERROR] Failed to load resource: the server responded with a status of 500 () @ https://wheelchair2-front.vercel.app/api/device-info:0
[  102086ms] [ERROR] Failed to load resource: the server responded with a status of 500 () @ https://wheelchair2-front.vercel.app/api/device-info:0
[  102090ms] [ERROR] Failed to load resource: the server responded with a status of 500 () @ https://wheelchair2-front.vercel.app/api/device-info:0
[  102093ms] [ERROR] Failed to load resource: the server responded with a status of 500 () @ https://wheelchair2-front.vercel.app/api/device-info:0
[  102102ms] [ERROR] Failed to load resource: the server responded with a status of 500 () @ https://wheelchair2-front.vercel.app/api/device-info:0
[  102105ms] [ERROR] Failed to load resource: the server responded with a status of 500 () @ https://wheelchair2-front.vercel.app/api/device-info:0
[  102114ms] [ERROR] Failed to load resource: the server responded with a status of 500 () @ https://wheelchair2-front.vercel.app/api/device-info:0
[  102115ms] [ERROR] Failed to load resource: the server responded with a status of 500 () @ https://wheelchair2-front.vercel.app/api/device-info:0
[  102117ms] [ERROR] Failed to load resource: the server responded with a status of 500 () @ https://wheelchair2-front.vercel.app/api/device-info:0
[  102117ms] [ERROR] Failed to load resource: the server responded with a status of 500 () @ https://wheelchair2-front.vercel.app/api/device-info:0
[  102119ms] [ERROR] Failed to load resource: the server responded with a status of 500 () @ https://wheelchair2-front.vercel.app/api/device-info:0
[  102122ms] [ERROR] Failed to load resource: the server responded with a status of 500 () @ https://wheelchair2-front.vercel.app/api/device-info:0
[  102130ms] [ERROR] Failed to load resource: the server responded with a status of 500 () @ https://wheelchair2-front.vercel.app/api/device-info:0
[  102139ms] [ERROR] Failed to load resource: the server responded with a status of 500 () @ https://wheelchair2-front.vercel.app/api/device-info:0
[  102146ms] [ERROR] Failed to load resource: the server responded with a status of 500 () @ https://wheelchair2-front.vercel.app/api/device-info:0
[  102154ms] [ERROR] Failed to load resource: the server responded with a status of 500 () @ https://wheelchair2-front.vercel.app/api/device-info:0
[  102156ms] [ERROR] Failed to load resource: the server responded with a status of 500 () @ https://wheelchair2-front.vercel.app/api/device-info:0
[  102158ms] [ERROR] Failed to load resource: the server responded with a status of 500 () @ https://wheelchair2-front.vercel.app/api/device-info:0
[  102166ms] [ERROR] Failed to load resource: the server responded with a status of 500 () @ https://wheelchair2-front.vercel.app/api/device-info:0
[  102168ms] [ERROR] Failed to load resource: the server responded with a status of 500 () @ https://wheelchair2-front.vercel.app/api/device-info:0
[  102170ms] [ERROR] Failed to load resource: the server responded with a status of 500 () @ https://wheelchair2-front.vercel.app/api/device-info:0
[  102173ms] [ERROR] Failed to load resource: the server responded with a status of 500 () @ https://wheelchair2-front.vercel.app/api/device-info:0
[  102181ms] [ERROR] Failed to load resource: the server responded with a status of 500 () @ https://wheelchair2-front.vercel.app/api/device-info:0
[  102181ms] [ERROR] Failed to load resource: the server responded with a status of 500 () @ https://wheelchair2-front.vercel.app/api/device-info:0
[  102181ms] [ERROR] Failed to load resource: the server responded with a status of 500 () @ https://wheelchair2-front.vercel.app/api/device-info:0
[  102209ms] [ERROR] Failed to load resource: the server responded with a status of 500 () @ https://wheelchair2-front.vercel.app/api/device-info:0
[  102223ms] [ERROR] Failed to load resource: the server responded with a status of 500 () @ https://wheelchair2-front.vercel.app/api/device-info:0
[  102236ms] [ERROR] Failed to load resource: the server responded with a status of 500 () @ https://wheelchair2-front.vercel.app/api/device-info:0
[  102240ms] [ERROR] Failed to load resource: the server responded with a status of 500 () @ https://wheelchair2-front.vercel.app/api/device-info:0
[  102243ms] [ERROR] Failed to load resource: the server responded with a status of 500 () @ https://wheelchair2-front.vercel.app/api/device-info:0
[  102244ms] [ERROR] Failed to load resource: the server responded with a status of 500 () @ https://wheelchair2-front.vercel.app/api/device-info:0
[  102245ms] [ERROR] Failed to load resource: the server responded with a status of 500 () @ https://wheelchair2-front.vercel.app/api/device-info:0
[  102246ms] [ERROR] Failed to load resource: the server responded with a status of 500 () @ https://wheelchair2-front.vercel.app/api/device-info:0
[  102248ms] [ERROR] Failed to load resource: the server responded with a status of 500 () @ https://wheelchair2-front.vercel.app/api/device-info:0
[  102253ms] [ERROR] Failed to load resource: the server responded with a status of 500 () @ https://wheelchair2-front.vercel.app/api/device-info:0
[  102264ms] [ERROR] Failed to load resource: the server responded with a status of 500 () @ https://wheelchair2-front.vercel.app/api/device-info:0
[  102264ms] [ERROR] Failed to load resource: the server responded with a status of 500 () @ https://wheelchair2-front.vercel.app/api/device-info:0
[  102268ms] [ERROR] Failed to load resource: the server responded with a status of 500 () @ https://wheelchair2-front.vercel.app/api/device-info:0
[  102272ms] [ERROR] Failed to load resource: the server responded with a status of 500 () @ https://wheelchair2-front.vercel.app/api/device-info:0
[  102276ms] [ERROR] Failed to load resource: the server responded with a status of 500 () @ https://wheelchair2-front.vercel.app/api/device-info:0
[  102323ms] [ERROR] Failed to load resource: the server responded with a status of 500 () @ https://wheelchair2-front.vercel.app/api/device-info:0
[  102323ms] [ERROR] Failed to load resource: the server responded with a status of 500 () @ https://wheelchair2-front.vercel.app/api/device-info:0
[  102329ms] [ERROR] Failed to load resource: the server responded with a status of 500 () @ https://wheelchair2-front.vercel.app/api/device-info:0
[  102343ms] [ERROR] Failed to load resource: the server responded with a status of 500 () @ https://wheelchair2-front.vercel.app/api/device-info:0
[  102346ms] [ERROR] Failed to load resource: the server responded with a status of 500 () @ https://wheelchair2-front.vercel.app/api/device-info:0
[  102355ms] [ERROR] Failed to load resource: the server responded with a status of 500 () @ https://wheelchair2-front.vercel.app/api/device-info:0
[  102356ms] [ERROR] Failed to load resource: the server responded with a status of 500 () @ https://wheelchair2-front.vercel.app/api/device-info:0
[  102356ms] [ERROR] Failed to load resource: the server responded with a status of 500 () @ https://wheelchair2-front.vercel.app/api/device-info:0
[  102357ms] [ERROR] Failed to load resource: the server responded with a status of 500 () @ https://wheelchair2-front.vercel.app/api/device-info:0
[  102359ms] [ERROR] Failed to load resource: the server responded with a status of 500 () @ https://wheelchair2-front.vercel.app/api/device-info:0
[  102369ms] [ERROR] Failed to load resource: the server responded with a status of 500 () @ https://wheelchair2-front.vercel.app/api/device-info:0
[  102384ms] [ERROR] Failed to load resource: the server responded with a status of 500 () @ https://wheelchair2-front.vercel.app/api/device-info:0
[  102387ms] [ERROR] Failed to load resource: the server responded with a status of 500 () @ https://wheelchair2-front.vercel.app/api/device-info:0
[  102389ms] [ERROR] Failed to load resource: the server responded with a status of 500 () @ https://wheelchair2-front.vercel.app/api/device-info:0
[  102394ms] [ERROR] Failed to load resource: the server responded with a status of 500 () @ https://wheelchair2-front.vercel.app/api/device-info:0
[  102404ms] [ERROR] Failed to load resource: the server responded with a status of 500 () @ https://wheelchair2-front.vercel.app/api/device-info:0
[  102405ms] [ERROR] Failed to load resource: the server responded with a status of 500 () @ https://wheelchair2-front.vercel.app/api/device-info:0
[  102406ms] [ERROR] Failed to load resource: the server responded with a status of 500 () @ https://wheelchair2-front.vercel.app/api/device-info:0
[  102406ms] [ERROR] Failed to load resource: the server responded with a status of 500 () @ https://wheelchair2-front.vercel.app/api/device-info:0
[  102406ms] [ERROR] Failed to load resource: the server responded with a status of 500 () @ https://wheelchair2-front.vercel.app/api/device-info:0
[  102408ms] [ERROR] Failed to load resource: the server responded with a status of 500 () @ https://wheelchair2-front.vercel.app/api/device-info:0
[  102415ms] [ERROR] Failed to load resource: the server responded with a status of 500 () @ https://wheelchair2-front.vercel.app/api/device-info:0
[  102415ms] [ERROR] Failed to load resource: the server responded with a status of 500 () @ https://wheelchair2-front.vercel.app/api/device-info:0
[  102419ms] [ERROR] Failed to load resource: the server responded with a status of 500 () @ https://wheelchair2-front.vercel.app/api/device-info:0
[  102421ms] [ERROR] Failed to load resource: the server responded with a status of 500 () @ https://wheelchair2-front.vercel.app/api/device-info:0
[  102421ms] [ERROR] Failed to load resource: the server responded with a status of 500 () @ https://wheelchair2-front.vercel.app/api/device-info:0
[  102423ms] [ERROR] Failed to load resource: the server responded with a status of 500 () @ https://wheelchair2-front.vercel.app/api/device-info:0
[  102425ms] [ERROR] Failed to load resource: the server responded with a status of 500 () @ https://wheelchair2-front.vercel.app/api/device-info:0
[  102426ms] [ERROR] Failed to load resource: the server responded with a status of 500 () @ https://wheelchair2-front.vercel.app/api/device-info:0
[  102430ms] [ERROR] Failed to load resource: the server responded with a status of 500 () @ https://wheelchair2-front.vercel.app/api/device-info:0
[  102432ms] [ERROR] Failed to load resource: the server responded with a status of 500 () @ https://wheelchair2-front.vercel.app/api/device-info:0
[  102432ms] [ERROR] Failed to load resource: the server responded with a status of 500 () @ https://wheelchair2-front.vercel.app/api/device-info:0
[  102432ms] [ERROR] Failed to load resource: the server responded with a status of 500 () @ https://wheelchair2-front.vercel.app/api/device-info:0
[  102439ms] [ERROR] Failed to load resource: the server responded with a status of 500 () @ https://wheelchair2-front.vercel.app/api/device-info:0
[  105504ms] [WARNING] The resource https://wheelchair2-front.vercel.app/_next/static/css/22f1e50fa1b6c8bd.css was preloaded using link preload but not used within a few seconds from the window's load event. Please make sure it has an appropriate `as` value and it is preloaded intentionally. @ https://wheelchair2-front.vercel.app/mobile-view:0
[  105696ms] [ERROR] Failed to load resource: the server responded with a status of 500 () @ https://wheelchair2-front.vercel.app/api/device-info:0
[  105707ms] [ERROR] Failed to load resource: the server responded with a status of 500 () @ https://wheelchair2-front.vercel.app/api/device-info:0
[  105711ms] [ERROR] Failed to load resource: the server responded with a status of 500 () @ https://wheelchair2-front.vercel.app/api/device-info:0
[  105716ms] [ERROR] Failed to load resource: the server responded with a status of 500 () @ https://wheelchair2-front.vercel.app/api/device-info:0
[  105717ms] [ERROR] Failed to load resource: the server responded with a status of 500 () @ https://wheelchair2-front.vercel.app/api/device-info:0
[  105719ms] [ERROR] Failed to load resource: the server responded with a status of 500 () @ https://wheelchair2-front.vercel.app/api/device-info:0
[  105721ms] [ERROR] Failed to load resource: the server responded with a status of 500 () @ https://wheelchair2-front.vercel.app/api/device-info:0
[  105723ms] [ERROR] Failed to load resource: the server responded with a status of 500 () @ https://wheelchair2-front.vercel.app/api/device-info:0
[  105730ms] [ERROR] Failed to load resource: the server responded with a status of 500 () @ https://wheelchair2-front.vercel.app/api/device-info:0
[  105737ms] [ERROR] Failed to load resource: the server responded with a status of 500 () @ https://wheelchair2-front.vercel.app/api/device-info:0
[  105742ms] [ERROR] Failed to load resource: the server responded with a status of 500 () @ https://wheelchair2-front.vercel.app/api/device-info:0
[  105749ms] [ERROR] Failed to load resource: the server responded with a status of 500 () @ https://wheelchair2-front.vercel.app/api/device-info:0
[  105751ms] [ERROR] Failed to load resource: the server responded with a status of 500 () @ https://wheelchair2-front.vercel.app/api/device-info:0
[  105751ms] [ERROR] Failed to load resource: the server responded with a status of 500 () @ https://wheelchair2-front.vercel.app/api/device-info:0
[  105761ms] [ERROR] Failed to load resource: the server responded with a status of 500 () @ https://wheelchair2-front.vercel.app/api/device-info:0
[  105774ms] [ERROR] Failed to load resource: the server responded with a status of 500 () @ https://wheelchair2-front.vercel.app/api/device-info:0
[  105789ms] [ERROR] Failed to load resource: the server responded with a status of 500 () @ https://wheelchair2-front.vercel.app/api/device-info:0
[  105803ms] [ERROR] Failed to load resource: the server responded with a status of 500 () @ https://wheelchair2-front.vercel.app/api/device-info:0
[  105804ms] [ERROR] Failed to load resource: the server responded with a status of 500 () @ https://wheelchair2-front.vercel.app/api/device-info:0
[  105814ms] [ERROR] Failed to load resource: the server responded with a status of 500 () @ https://wheelchair2-front.vercel.app/api/device-info:0
[  105815ms] [ERROR] Failed to load resource: the server responded with a status of 500 () @ https://wheelchair2-front.vercel.app/api/device-info:0
[  105820ms] [ERROR] Failed to load resource: the server responded with a status of 500 () @ https://wheelchair2-front.vercel.app/api/device-info:0
[  105829ms] [ERROR] Failed to load resource: the server responded with a status of 500 () @ https://wheelchair2-front.vercel.app/api/device-info:0
[  105831ms] [ERROR] Failed to load resource: the server responded with a status of 500 () @ https://wheelchair2-front.vercel.app/api/device-info:0
[  105844ms] [ERROR] Failed to load resource: the server responded with a status of 500 () @ https://wheelchair2-front.vercel.app/api/device-info:0
[  105849ms] [ERROR] Failed to load resource: the server responded with a status of 500 () @ https://wheelchair2-front.vercel.app/api/device-info:0
[  105849ms] [ERROR] Failed to load resource: the server responded with a status of 500 () @ https://wheelchair2-front.vercel.app/api/device-info:0
[  105849ms] [ERROR] Failed to load resource: the server responded with a status of 500 () @ https://wheelchair2-front.vercel.app/api/device-info:0
[  105855ms] [ERROR] Failed to load resource: the server responded with a status of 500 () @ https://wheelchair2-front.vercel.app/api/device-info:0
[  105867ms] [ERROR] Failed to load resource: the server responded with a status of 500 () @ https://wheelchair2-front.vercel.app/api/device-info:0
[  105873ms] [ERROR] Failed to load resource: the server responded with a status of 500 () @ https://wheelchair2-front.vercel.app/api/device-info:0
[  105874ms] [ERROR] Failed to load resource: the server responded with a status of 500 () @ https://wheelchair2-front.vercel.app/api/device-info:0
[  105875ms] [ERROR] Failed to load resource: the server responded with a status of 500 () @ https://wheelchair2-front.vercel.app/api/device-info:0
[  105877ms] [ERROR] Failed to load resource: the server responded with a status of 500 () @ https://wheelchair2-front.vercel.app/api/device-info:0
[  105900ms] [ERROR] Failed to load resource: the server responded with a status of 500 () @ https://wheelchair2-front.vercel.app/api/device-info:0
[  105908ms] [ERROR] Failed to load resource: the server responded with a status of 500 () @ https://wheelchair2-front.vercel.app/api/device-info:0
[  105926ms] [ERROR] Failed to load resource: the server responded with a status of 500 () @ https://wheelchair2-front.vercel.app/api/device-info:0
[  105928ms] [ERROR] Failed to load resource: the server responded with a status of 500 () @ https://wheelchair2-front.vercel.app/api/device-info:0
[  105939ms] [ERROR] Failed to load resource: the server responded with a status of 500 () @ https://wheelchair2-front.vercel.app/api/device-info:0
[  105945ms] [ERROR] Failed to load resource: the server responded with a status of 500 () @ https://wheelchair2-front.vercel.app/api/device-info:0
[  105945ms] [ERROR] Failed to load resource: the server responded with a status of 500 () @ https://wheelchair2-front.vercel.app/api/device-info:0
[  105947ms] [ERROR] Failed to load resource: the server responded with a status of 500 () @ https://wheelchair2-front.vercel.app/api/device-info:0
[  105959ms] [ERROR] Failed to load resource: the server responded with a status of 500 () @ https://wheelchair2-front.vercel.app/api/device-info:0
[  105965ms] [ERROR] Failed to load resource: the server responded with a status of 500 () @ https://wheelchair2-front.vercel.app/api/device-info:0
[  105967ms] [ERROR] Failed to load resource: the server responded with a status of 500 () @ https://wheelchair2-front.vercel.app/api/device-info:0
[  105967ms] [ERROR] Failed to load resource: the server responded with a status of 500 () @ https://wheelchair2-front.vercel.app/api/device-info:0
[  105975ms] [ERROR] Failed to load resource: the server responded with a status of 500 () @ https://wheelchair2-front.vercel.app/api/device-info:0
[  105998ms] [ERROR] Failed to load resource: the server responded with a status of 500 () @ https://wheelchair2-front.vercel.app/api/device-info:0
[  106006ms] [ERROR] Failed to load resource: the server responded with a status of 500 () @ https://wheelchair2-front.vercel.app/api/device-info:0
[  106010ms] [ERROR] Failed to load resource: the server responded with a status of 500 () @ https://wheelchair2-front.vercel.app/api/device-info:0
[  106011ms] [ERROR] Failed to load resource: the server responded with a status of 500 () @ https://wheelchair2-front.vercel.app/api/device-info:0
[  106012ms] [ERROR] Failed to load resource: the server responded with a status of 500 () @ https://wheelchair2-front.vercel.app/api/device-info:0
[  106015ms] [ERROR] Failed to load resource: the server responded with a status of 500 () @ https://wheelchair2-front.vercel.app/api/device-info:0
[  106016ms] [ERROR] Failed to load resource: the server responded with a status of 500 () @ https://wheelchair2-front.vercel.app/api/device-info:0
[  106025ms] [ERROR] Failed to load resource: the server responded with a status of 500 () @ https://wheelchair2-front.vercel.app/api/device-info:0
[  106026ms] [ERROR] Failed to load resource: the server responded with a status of 500 () @ https://wheelchair2-front.vercel.app/api/device-info:0
[  106046ms] [ERROR] Failed to load resource: the server responded with a status of 500 () @ https://wheelchair2-front.vercel.app/api/device-info:0
[  106063ms] [ERROR] Failed to load resource: the server responded with a status of 500 () @ https://wheelchair2-front.vercel.app/api/device-info:0
[  106071ms] [ERROR] Failed to load resource: the server responded with a status of 500 () @ https://wheelchair2-front.vercel.app/api/device-info:0
[  106074ms] [ERROR] Failed to load resource: the server responded with a status of 500 () @ https://wheelchair2-front.vercel.app/api/device-info:0
[  106079ms] [ERROR] Failed to load resource: the server responded with a status of 500 () @ https://wheelchair2-front.vercel.app/api/device-info:0
[  106082ms] [ERROR] Failed to load resource: the server responded with a status of 500 () @ https://wheelchair2-front.vercel.app/api/device-info:0
[  106084ms] [ERROR] Failed to load resource: the server responded with a status of 500 () @ https://wheelchair2-front.vercel.app/api/device-info:0
[  106085ms] [ERROR] Failed to load resource: the server responded with a status of 500 () @ https://wheelchair2-front.vercel.app/api/device-info:0
[  106094ms] [ERROR] Failed to load resource: the server responded with a status of 500 () @ https://wheelchair2-front.vercel.app/api/device-info:0
[  106106ms] [ERROR] Failed to load resource: the server responded with a status of 500 () @ https://wheelchair2-front.vercel.app/api/device-info:0
[  106110ms] [ERROR] Failed to load resource: the server responded with a status of 500 () @ https://wheelchair2-front.vercel.app/api/device-info:0
[  106111ms] [ERROR] Failed to load resource: the server responded with a status of 500 () @ https://wheelchair2-front.vercel.app/api/device-info:0
[  106113ms] [ERROR] Failed to load resource: the server responded with a status of 500 () @ https://wheelchair2-front.vercel.app/api/device-info:0
[  106117ms] [ERROR] Failed to load resource: the server responded with a status of 500 () @ https://wheelchair2-front.vercel.app/api/device-info:0
[  106118ms] [ERROR] Failed to load resource: the server responded with a status of 500 () @ https://wheelchair2-front.vercel.app/api/device-info:0
[  106157ms] [ERROR] Failed to load resource: the server responded with a status of 500 () @ https://wheelchair2-front.vercel.app/api/device-info:0
[  106158ms] [ERROR] Failed to load resource: the server responded with a status of 500 () @ https://wheelchair2-front.vercel.app/api/device-info:0
[  106170ms] [ERROR] Failed to load resource: the server responded with a status of 500 () @ https://wheelchair2-front.vercel.app/api/device-info:0
[  106176ms] [ERROR] Failed to load resource: the server responded with a status of 500 () @ https://wheelchair2-front.vercel.app/api/device-info:0
[  106177ms] [ERROR] Failed to load resource: the server responded with a status of 500 () @ https://wheelchair2-front.vercel.app/api/device-info:0
[  106178ms] [ERROR] Failed to load resource: the server responded with a status of 500 () @ https://wheelchair2-front.vercel.app/api/device-info:0
[  106186ms] [ERROR] Failed to load resource: the server responded with a status of 500 () @ https://wheelchair2-front.vercel.app/api/device-info:0
[  106190ms] [ERROR] Failed to load resource: the server responded with a status of 500 () @ https://wheelchair2-front.vercel.app/api/device-info:0
[  106220ms] [ERROR] Failed to load resource: the server responded with a status of 500 () @ https://wheelchair2-front.vercel.app/api/device-info:0
[  106230ms] [ERROR] Failed to load resource: the server responded with a status of 500 () @ https://wheelchair2-front.vercel.app/api/device-info:0
[  106233ms] [ERROR] Failed to load resource: the server responded with a status of 500 () @ https://wheelchair2-front.vercel.app/api/device-info:0
[  106234ms] [ERROR] Failed to load resource: the server responded with a status of 500 () @ https://wheelchair2-front.vercel.app/api/device-info:0
[  106241ms] [ERROR] Failed to load resource: the server responded with a status of 500 () @ https://wheelchair2-front.vercel.app/api/device-info:0
[  106241ms] [ERROR] Failed to load resource: the server responded with a status of 500 () @ https://wheelchair2-front.vercel.app/api/device-info:0
[  106241ms] [ERROR] Failed to load resource: the server responded with a status of 500 () @ https://wheelchair2-front.vercel.app/api/device-info:0
[  106241ms] [ERROR] Failed to load resource: the server responded with a status of 500 () @ https://wheelchair2-front.vercel.app/api/device-info:0
[  106242ms] [ERROR] Failed to load resource: the server responded with a status of 500 () @ https://wheelchair2-front.vercel.app/api/device-info:0
[  106271ms] [ERROR] Failed to load resource: the server responded with a status of 500 () @ https://wheelchair2-front.vercel.app/api/device-info:0
[  106276ms] [ERROR] Failed to load resource: the server responded with a status of 500 () @ https://wheelchair2-front.vercel.app/api/device-info:0
[  106278ms] [ERROR] Failed to load resource: the server responded with a status of 500 () @ https://wheelchair2-front.vercel.app/api/device-info:0
[  106283ms] [ERROR] Failed to load resource: the server responded with a status of 500 () @ https://wheelchair2-front.vercel.app/api/device-info:0
[  106293ms] [ERROR] Failed to load resource: the server responded with a status of 500 () @ https://wheelchair2-front.vercel.app/api/device-info:0
[  106307ms] [ERROR] Failed to load resource: the server responded with a status of 500 () @ https://wheelchair2-front.vercel.app/api/device-info:0
[  106308ms] [ERROR] Failed to load resource: the server responded with a status of 500 () @ https://wheelchair2-front.vercel.app/api/device-info:0
[  106308ms] [ERROR] Failed to load resource: the server responded with a status of 500 () @ https://wheelchair2-front.vercel.app/api/device-info:0
[  106308ms] [ERROR] Failed to load resource: the server responded with a status of 500 () @ https://wheelchair2-front.vercel.app/api/device-info:0
[  106308ms] [ERROR] Failed to load resource: the server responded with a status of 500 () @ https://wheelchair2-front.vercel.app/api/device-info:0
[  106324ms] [ERROR] Failed to load resource: the server responded with a status of 500 () @ https://wheelchair2-front.vercel.app/api/device-info:0
[  106337ms] [ERROR] Failed to load resource: the server responded with a status of 500 () @ https://wheelchair2-front.vercel.app/api/device-info:0
[  106351ms] [ERROR] Failed to load resource: the server responded with a status of 500 () @ https://wheelchair2-front.vercel.app/api/device-info:0
[  106352ms] [ERROR] Failed to load resource: the server responded with a status of 500 () @ https://wheelchair2-front.vercel.app/api/device-info:0
[  106354ms] [ERROR] Failed to load resource: the server responded with a status of 500 () @ https://wheelchair2-front.vercel.app/api/device-info:0
[  106359ms] [ERROR] Failed to load resource: the server responded with a status of 500 () @ https://wheelchair2-front.vercel.app/api/device-info:0
[  106359ms] [ERROR] Failed to load resource: the server responded with a status of 500 () @ https://wheelchair2-front.vercel.app/api/device-info:0
[  106369ms] [ERROR] Failed to load resource: the server responded with a status of 500 () @ https://wheelchair2-front.vercel.app/api/device-info:0
[  106375ms] [ERROR] Failed to load resource: the server responded with a status of 500 () @ https://wheelchair2-front.vercel.app/api/device-info:0
[  106378ms] [ERROR] Failed to load resource: the server responded with a status of 500 () @ https://wheelchair2-front.vercel.app/api/device-info:0
[  106379ms] [ERROR] Failed to load resource: the server responded with a status of 500 () @ https://wheelchair2-front.vercel.app/api/device-info:0
[  106395ms] [ERROR] Failed to load resource: the server responded with a status of 500 () @ https://wheelchair2-front.vercel.app/api/device-info:0
[  106413ms] [ERROR] Failed to load resource: the server responded with a status of 500 () @ https://wheelchair2-front.vercel.app/api/device-info:0
[  106414ms] [ERROR] Failed to load resource: the server responded with a status of 500 () @ https://wheelchair2-front.vercel.app/api/device-info:0
[  106417ms] [ERROR] Failed to load resource: the server responded with a status of 500 () @ https://wheelchair2-front.vercel.app/api/device-info:0
[  106422ms] [ERROR] Failed to load resource: the server responded with a status of 500 () @ https://wheelchair2-front.vercel.app/api/device-info:0
[  106432ms] [ERROR] Failed to load resource: the server responded with a status of 500 () @ https://wheelchair2-front.vercel.app/api/device-info:0
[  106435ms] [ERROR] Failed to load resource: the server responded with a status of 500 () @ https://wheelchair2-front.vercel.app/api/device-info:0
[  106446ms] [ERROR] Failed to load resource: the server responded with a status of 500 () @ https://wheelchair2-front.vercel.app/api/device-info:0
[  106449ms] [ERROR] Failed to load resource: the server responded with a status of 500 () @ https://wheelchair2-front.vercel.app/api/device-info:0
[  106459ms] [ERROR] Failed to load resource: the server responded with a status of 500 () @ https://wheelchair2-front.vercel.app/api/device-info:0
[  106461ms] [ERROR] Failed to load resource: the server responded with a status of 500 () @ https://wheelchair2-front.vercel.app/api/device-info:0
[  106466ms] [ERROR] Failed to load resource: the server responded with a status of 500 () @ https://wheelchair2-front.vercel.app/api/device-info:0
[  106469ms] [ERROR] Failed to load resource: the server responded with a status of 500 () @ https://wheelchair2-front.vercel.app/api/device-info:0
[  106487ms] [ERROR] Failed to load resource: the server responded with a status of 500 () @ https://wheelchair2-front.vercel.app/api/device-info:0
[  106487ms] [ERROR] Failed to load resource: the server responded with a status of 500 () @ https://wheelchair2-front.vercel.app/api/device-info:0
[  106495ms] [ERROR] Failed to load resource: the server responded with a status of 500 () @ https://wheelchair2-front.vercel.app/api/device-info:0
[  106499ms] [ERROR] Failed to load resource: the server responded with a status of 500 () @ https://wheelchair2-front.vercel.app/api/device-info:0
[  106500ms] [ERROR] Failed to load resource: the server responded with a status of 500 () @ https://wheelchair2-front.vercel.app/api/device-info:0
[  106508ms] [ERROR] Failed to load resource: the server responded with a status of 500 () @ https://wheelchair2-front.vercel.app/api/device-info:0
[  106508ms] [ERROR] Failed to load resource: the server responded with a status of 500 () @ https://wheelchair2-front.vercel.app/api/device-info:0
[  106518ms] [ERROR] Failed to load resource: the server responded with a status of 500 () @ https://wheelchair2-front.vercel.app/api/device-info:0
[  106526ms] [ERROR] Failed to load resource: the server responded with a status of 500 () @ https://wheelchair2-front.vercel.app/api/device-info:0
[  106526ms] [ERROR] Failed to load resource: the server responded with a status of 500 () @ https://wheelchair2-front.vercel.app/api/device-info:0
[  106527ms] [ERROR] Failed to load resource: the server responded with a status of 500 () @ https://wheelchair2-front.vercel.app/api/device-info:0
[  106528ms] [ERROR] Failed to load resource: the server responded with a status of 500 () @ https://wheelchair2-front.vercel.app/api/device-info:0
[  106529ms] [ERROR] Failed to load resource: the server responded with a status of 500 () @ https://wheelchair2-front.vercel.app/api/device-info:0
[  106531ms] [ERROR] Failed to load resource: the server responded with a status of 500 () @ https://wheelchair2-front.vercel.app/api/device-info:0
[  106564ms] [ERROR] Failed to load resource: the server responded with a status of 500 () @ https://wheelchair2-front.vercel.app/api/device-info:0
[  106585ms] [ERROR] Failed to load resource: the server responded with a status of 500 () @ https://wheelchair2-front.vercel.app/api/device-info:0
[  106599ms] [ERROR] Failed to load resource: the server responded with a status of 500 () @ https://wheelchair2-front.vercel.app/api/device-info:0
[  106613ms] [ERROR] Failed to load resource: the server responded with a status of 500 () @ https://wheelchair2-front.vercel.app/api/device-info:0
[  106616ms] [ERROR] Failed to load resource: the server responded with a status of 500 () @ https://wheelchair2-front.vercel.app/api/device-info:0
[  106619ms] [ERROR] Failed to load resource: the server responded with a status of 500 () @ https://wheelchair2-front.vercel.app/api/device-info:0
[  106622ms] [ERROR] Failed to load resource: the server responded with a status of 500 () @ https://wheelchair2-front.vercel.app/api/device-info:0
[  106623ms] [ERROR] Failed to load resource: the server responded with a status of 500 () @ https://wheelchair2-front.vercel.app/api/device-info:0
[  106644ms] [ERROR] Failed to load resource: the server responded with a status of 500 () @ https://wheelchair2-front.vercel.app/api/device-info:0
[  106648ms] [ERROR] Failed to load resource: the server responded with a status of 500 () @ https://wheelchair2-front.vercel.app/api/device-info:0
[  106650ms] [ERROR] Failed to load resource: the server responded with a status of 500 () @ https://wheelchair2-front.vercel.app/api/device-info:0
[  106652ms] [ERROR] Failed to load resource: the server responded with a status of 500 () @ https://wheelchair2-front.vercel.app/api/device-info:0
[  106654ms] [ERROR] Failed to load resource: the server responded with a status of 500 () @ https://wheelchair2-front.vercel.app/api/device-info:0
[  106655ms] [ERROR] Failed to load resource: the server responded with a status of 500 () @ https://wheelchair2-front.vercel.app/api/device-info:0
[  106657ms] [ERROR] Failed to load resource: the server responded with a status of 500 () @ https://wheelchair2-front.vercel.app/api/device-info:0
[  106663ms] [ERROR] Failed to load resource: the server responded with a status of 500 () @ https://wheelchair2-front.vercel.app/api/device-info:0
[  106678ms] [ERROR] Failed to load resource: the server responded with a status of 500 () @ https://wheelchair2-front.vercel.app/api/device-info:0
[  106684ms] [ERROR] Failed to load resource: the server responded with a status of 500 () @ https://wheelchair2-front.vercel.app/api/device-info:0
[  106695ms] [ERROR] Failed to load resource: the server responded with a status of 500 () @ https://wheelchair2-front.vercel.app/api/device-info:0
[  106696ms] [ERROR] Failed to load resource: the server responded with a status of 500 () @ https://wheelchair2-front.vercel.app/api/device-info:0
[  106697ms] [ERROR] Failed to load resource: the server responded with a status of 500 () @ https://wheelchair2-front.vercel.app/api/device-info:0
[  106705ms] [ERROR] Failed to load resource: the server responded with a status of 500 () @ https://wheelchair2-front.vercel.app/api/device-info:0
[  106709ms] [ERROR] Failed to load resource: the server responded with a status of 500 () @ https://wheelchair2-front.vercel.app/api/device-info:0
[  106709ms] [ERROR] Failed to load resource: the server responded with a status of 500 () @ https://wheelchair2-front.vercel.app/api/device-info:0
[  106726ms] [ERROR] Failed to load resource: the server responded with a status of 500 () @ https://wheelchair2-front.vercel.app/api/device-info:0
[  106727ms] [ERROR] Failed to load resource: the server responded with a status of 500 () @ https://wheelchair2-front.vercel.app/api/device-info:0
[  106732ms] [ERROR] Failed to load resource: the server responded with a status of 500 () @ https://wheelchair2-front.vercel.app/api/device-info:0
[  106739ms] [ERROR] Failed to load resource: the server responded with a status of 500 () @ https://wheelchair2-front.vercel.app/api/device-info:0
[  106744ms] [ERROR] Failed to load resource: the server responded with a status of 500 () @ https://wheelchair2-front.vercel.app/api/device-info:0
[  106745ms] [ERROR] Failed to load resource: the server responded with a status of 500 () @ https://wheelchair2-front.vercel.app/api/device-info:0
[  106747ms] [ERROR] Failed to load resource: the server responded with a status of 500 () @ https://wheelchair2-front.vercel.app/api/device-info:0
[  106753ms] [ERROR] Failed to load resource: the server responded with a status of 500 () @ https://wheelchair2-front.vercel.app/api/device-info:0
[  106776ms] [ERROR] Failed to load resource: the server responded with a status of 500 () @ https://wheelchair2-front.vercel.app/api/device-info:0
[  106779ms] [ERROR] Failed to load resource: the server responded with a status of 500 () @ https://wheelchair2-front.vercel.app/api/device-info:0
[  106781ms] [ERROR] Failed to load resource: the server responded with a status of 500 () @ https://wheelchair2-front.vercel.app/api/device-info:0
[  106808ms] [ERROR] Failed to load resource: the server responded with a status of 500 () @ https://wheelchair2-front.vercel.app/api/device-info:0
[  106817ms] [ERROR] Failed to load resource: the server responded with a status of 500 () @ https://wheelchair2-front.vercel.app/api/device-info:0
[  106817ms] [ERROR] Failed to load resource: the server responded with a status of 500 () @ https://wheelchair2-front.vercel.app/api/device-info:0
[  106819ms] [ERROR] Failed to load resource: the server responded with a status of 500 () @ https://wheelchair2-front.vercel.app/api/device-info:0
[  106819ms] [ERROR] Failed to load resource: the server responded with a status of 500 () @ https://wheelchair2-front.vercel.app/api/device-info:0
[  106833ms] [ERROR] Failed to load resource: the server responded with a status of 500 () @ https://wheelchair2-front.vercel.app/api/device-info:0
[  106849ms] [ERROR] Failed to load resource: the server responded with a status of 500 () @ https://wheelchair2-front.vercel.app/api/device-info:0
[  106854ms] [ERROR] Failed to load resource: the server responded with a status of 500 () @ https://wheelchair2-front.vercel.app/api/device-info:0
[  106855ms] [ERROR] Failed to load resource: the server responded with a status of 500 () @ https://wheelchair2-front.vercel.app/api/device-info:0
[  106857ms] [ERROR] Failed to load resource: the server responded with a status of 500 () @ https://wheelchair2-front.vercel.app/api/device-info:0
[  106859ms] [ERROR] Failed to load resource: the server responded with a status of 500 () @ https://wheelchair2-front.vercel.app/api/device-info:0
[  106876ms] [ERROR] Failed to load resource: the server responded with a status of 500 () @ https://wheelchair2-front.vercel.app/api/device-info:0
[  106882ms] [ERROR] Failed to load resource: the server responded with a status of 500 () @ https://wheelchair2-front.vercel.app/api/device-info:0
[  106883ms] [ERROR] Failed to load resource: the server responded with a status of 500 () @ https://wheelchair2-front.vercel.app/api/device-info:0
[  106913ms] [ERROR] Failed to load resource: the server responded with a status of 500 () @ https://wheelchair2-front.vercel.app/api/device-info:0
[  106914ms] [ERROR] Failed to load resource: the server responded with a status of 500 () @ https://wheelchair2-front.vercel.app/api/device-info:0
[  106923ms] [ERROR] Failed to load resource: the server responded with a status of 500 () @ https://wheelchair2-front.vercel.app/api/device-info:0
[  106927ms] [ERROR] Failed to load resource: the server responded with a status of 500 () @ https://wheelchair2-front.vercel.app/api/device-info:0
[  106927ms] [ERROR] Failed to load resource: the server responded with a status of 500 () @ https://wheelchair2-front.vercel.app/api/device-info:0
[  106934ms] [ERROR] Failed to load resource: the server responded with a status of 500 () @ https://wheelchair2-front.vercel.app/api/device-info:0
[  106935ms] [ERROR] Failed to load resource: the server responded with a status of 500 () @ https://wheelchair2-front.vercel.app/api/device-info:0
[  106936ms] [ERROR] Failed to load resource: the server responded with a status of 500 () @ https://wheelchair2-front.vercel.app/api/device-info:0
[  106938ms] [ERROR] Failed to load resource: the server responded with a status of 500 () @ https://wheelchair2-front.vercel.app/api/device-info:0
[  106939ms] [ERROR] Failed to load resource: the server responded with a status of 500 () @ https://wheelchair2-front.vercel.app/api/device-info:0
[  106943ms] [ERROR] Failed to load resource: the server responded with a status of 500 () @ https://wheelchair2-front.vercel.app/api/device-info:0
[  106951ms] [ERROR] Failed to load resource: the server responded with a status of 500 () @ https://wheelchair2-front.vercel.app/api/device-info:0
[  106966ms] [ERROR] Failed to load resource: the server responded with a status of 500 () @ https://wheelchair2-front.vercel.app/api/device-info:0
[  106976ms] [ERROR] Failed to load resource: the server responded with a status of 500 () @ https://wheelchair2-front.vercel.app/api/device-info:0
[  106992ms] [ERROR] Failed to load resource: the server responded with a status of 500 () @ https://wheelchair2-front.vercel.app/api/device-info:0
[  106992ms] [ERROR] Failed to load resource: the server responded with a status of 500 () @ https://wheelchair2-front.vercel.app/api/device-info:0
[  106999ms] [ERROR] Failed to load resource: the server responded with a status of 500 () @ https://wheelchair2-front.vercel.app/api/device-info:0
[  107002ms] [ERROR] Failed to load resource: the server responded with a status of 500 () @ https://wheelchair2-front.vercel.app/api/device-info:0
[  107005ms] [ERROR] Failed to load resource: the server responded with a status of 500 () @ https://wheelchair2-front.vercel.app/api/device-info:0
[  107016ms] [ERROR] Failed to load resource: the server responded with a status of 500 () @ https://wheelchair2-front.vercel.app/api/device-info:0
[  107031ms] [ERROR] Failed to load resource: the server responded with a status of 500 () @ https://wheelchair2-front.vercel.app/api/device-info:0
[  107045ms] [ERROR] Failed to load resource: the server responded with a status of 500 () @ https://wheelchair2-front.vercel.app/api/device-info:0
[  107048ms] [ERROR] Failed to load resource: the server responded with a status of 500 () @ https://wheelchair2-front.vercel.app/api/device-info:0
[  107051ms] [ERROR] Failed to load resource: the server responded with a status of 500 () @ https://wheelchair2-front.vercel.app/api/device-info:0
[  107059ms] [ERROR] Failed to load resource: the server responded with a status of 500 () @ https://wheelchair2-front.vercel.app/api/device-info:0
[  107061ms] [ERROR] Failed to load resource: the server responded with a status of 500 () @ https://wheelchair2-front.vercel.app/api/device-info:0
[  107064ms] [ERROR] Failed to load resource: the server responded with a status of 500 () @ https://wheelchair2-front.vercel.app/api/device-info:0
[  107072ms] [ERROR] Failed to load resource: the server responded with a status of 500 () @ https://wheelchair2-front.vercel.app/api/device-info:0
[  107074ms] [ERROR] Failed to load resource: the server responded with a status of 500 () @ https://wheelchair2-front.vercel.app/api/device-info:0
[  107088ms] [ERROR] Failed to load resource: the server responded with a status of 500 () @ https://wheelchair2-front.vercel.app/api/device-info:0
[  107104ms] [ERROR] Failed to load resource: the server responded with a status of 500 () @ https://wheelchair2-front.vercel.app/api/device-info:0
[  107118ms] [ERROR] Failed to load resource: the server responded with a status of 500 () @ https://wheelchair2-front.vercel.app/api/device-info:0
[  107123ms] [ERROR] Failed to load resource: the server responded with a status of 500 () @ https://wheelchair2-front.vercel.app/api/device-info:0
[  107130ms] [ERROR] Failed to load resource: the server responded with a status of 500 () @ https://wheelchair2-front.vercel.app/api/device-info:0
[  107133ms] [ERROR] Failed to load resource: the server responded with a status of 500 () @ https://wheelchair2-front.vercel.app/api/device-info:0
[  107133ms] [ERROR] Failed to load resource: the server responded with a status of 500 () @ https://wheelchair2-front.vercel.app/api/device-info:0
[  107140ms] [ERROR] Failed to load resource: the server responded with a status of 500 () @ https://wheelchair2-front.vercel.app/api/device-info:0
[  107142ms] [ERROR] Failed to load resource: the server responded with a status of 500 () @ https://wheelchair2-front.vercel.app/api/device-info:0
[  107145ms] [ERROR] Failed to load resource: the server responded with a status of 500 () @ https://wheelchair2-front.vercel.app/api/device-info:0
[  107150ms] [ERROR] Failed to load resource: the server responded with a status of 500 () @ https://wheelchair2-front.vercel.app/api/device-info:0
[  107152ms] [ERROR] Failed to load resource: the server responded with a status of 500 () @ https://wheelchair2-front.vercel.app/api/device-info:0
[  107164ms] [ERROR] Failed to load resource: the server responded with a status of 500 () @ https://wheelchair2-front.vercel.app/api/device-info:0
[  107165ms] [ERROR] Failed to load resource: the server responded with a status of 500 () @ https://wheelchair2-front.vercel.app/api/device-info:0
[  107166ms] [ERROR] Failed to load resource: the server responded with a status of 500 () @ https://wheelchair2-front.vercel.app/api/device-info:0
[  107179ms] [ERROR] Failed to load resource: the server responded with a status of 500 () @ https://wheelchair2-front.vercel.app/api/device-info:0
[  107186ms] [ERROR] Failed to load resource: the server responded with a status of 500 () @ https://wheelchair2-front.vercel.app/api/device-info:0
[  107189ms] [ERROR] Failed to load resource: the server responded with a status of 500 () @ https://wheelchair2-front.vercel.app/api/device-info:0
[  107195ms] [ERROR] Failed to load resource: the server responded with a status of 500 () @ https://wheelchair2-front.vercel.app/api/device-info:0
[  107198ms] [ERROR] Failed to load resource: the server responded with a status of 500 () @ https://wheelchair2-front.vercel.app/api/device-info:0
[  107201ms] [ERROR] Failed to load resource: the server responded with a status of 500 () @ https://wheelchair2-front.vercel.app/api/device-info:0
[  107219ms] [ERROR] Failed to load resource: the server responded with a status of 500 () @ https://wheelchair2-front.vercel.app/api/device-info:0
[  107221ms] [ERROR] Failed to load resource: the server responded with a status of 500 () @ https://wheelchair2-front.vercel.app/api/device-info:0
[  107225ms] [ERROR] Failed to load resource: the server responded with a status of 500 () @ https://wheelchair2-front.vercel.app/api/device-info:0
[  107225ms] [ERROR] Failed to load resource: the server responded with a status of 500 () @ https://wheelchair2-front.vercel.app/api/device-info:0
[  107228ms] [ERROR] Failed to load resource: the server responded with a status of 500 () @ https://wheelchair2-front.vercel.app/api/device-info:0
[  107228ms] [ERROR] Failed to load resource: the server responded with a status of 500 () @ https://wheelchair2-front.vercel.app/api/device-info:0
[  107228ms] [ERROR] Failed to load resource: the server responded with a status of 500 () @ https://wheelchair2-front.vercel.app/api/device-info:0
[  107228ms] [ERROR] Failed to load resource: the server responded with a status of 500 () @ https://wheelchair2-front.vercel.app/api/device-info:0
[  107229ms] [ERROR] Failed to load resource: the server responded with a status of 500 () @ https://wheelchair2-front.vercel.app/api/device-info:0
[  107233ms] [ERROR] Failed to load resource: the server responded with a status of 500 () @ https://wheelchair2-front.vercel.app/api/device-info:0
[  107234ms] [ERROR] Failed to load resource: the server responded with a status of 500 () @ https://wheelchair2-front.vercel.app/api/device-info:0
[  107237ms] [ERROR] Failed to load resource: the server responded with a status of 500 () @ https://wheelchair2-front.vercel.app/api/device-info:0
[  107238ms] [ERROR] Failed to load resource: the server responded with a status of 500 () @ https://wheelchair2-front.vercel.app/api/device-info:0
[  107251ms] [ERROR] Failed to load resource: the server responded with a status of 500 () @ https://wheelchair2-front.vercel.app/api/device-info:0
[  107259ms] [ERROR] Failed to load resource: the server responded with a status of 500 () @ https://wheelchair2-front.vercel.app/api/device-info:0
[  107259ms] [ERROR] Failed to load resource: the server responded with a status of 500 () @ https://wheelchair2-front.vercel.app/api/device-info:0
[  107267ms] [ERROR] Failed to load resource: the server responded with a status of 500 () @ https://wheelchair2-front.vercel.app/api/device-info:0
[  107275ms] [ERROR] Failed to load resource: the server responded with a status of 500 () @ https://wheelchair2-front.vercel.app/api/device-info:0
[  107282ms] [ERROR] Failed to load resource: the server responded with a status of 500 () @ https://wheelchair2-front.vercel.app/api/device-info:0
[  107293ms] [ERROR] Failed to load resource: the server responded with a status of 500 () @ https://wheelchair2-front.vercel.app/api/device-info:0
[  107300ms] [ERROR] Failed to load resource: the server responded with a status of 500 () @ https://wheelchair2-front.vercel.app/api/device-info:0
[  107330ms] [ERROR] Failed to load resource: the server responded with a status of 500 () @ https://wheelchair2-front.vercel.app/api/device-info:0
[  107333ms] [ERROR] Failed to load resource: the server responded with a status of 500 () @ https://wheelchair2-front.vercel.app/api/device-info:0
[  107334ms] [ERROR] Failed to load resource: the server responded with a status of 500 () @ https://wheelchair2-front.vercel.app/api/device-info:0
[  107335ms] [ERROR] Failed to load resource: the server responded with a status of 500 () @ https://wheelchair2-front.vercel.app/api/device-info:0
[  107342ms] [ERROR] Failed to load resource: the server responded with a status of 500 () @ https://wheelchair2-front.vercel.app/api/device-info:0
[  107364ms] [ERROR] Failed to load resource: the server responded with a status of 500 () @ https://wheelchair2-front.vercel.app/api/device-info:0
[  107373ms] [ERROR] Failed to load resource: the server responded with a status of 500 () @ https://wheelchair2-front.vercel.app/api/device-info:0
[  107376ms] [ERROR] Failed to load resource: the server responded with a status of 500 () @ https://wheelchair2-front.vercel.app/api/device-info:0
[  107378ms] [ERROR] Failed to load resource: the server responded with a status of 500 () @ https://wheelchair2-front.vercel.app/api/device-info:0
[  107387ms] [ERROR] Failed to load resource: the server responded with a status of 500 () @ https://wheelchair2-front.vercel.app/api/device-info:0
[  107407ms] [ERROR] Failed to load resource: the server responded with a status of 500 () @ https://wheelchair2-front.vercel.app/api/device-info:0
[  107410ms] [ERROR] Failed to load resource: the server responded with a status of 500 () @ https://wheelchair2-front.vercel.app/api/device-info:0
[  107422ms] [ERROR] Failed to load resource: the server responded with a status of 500 () @ https://wheelchair2-front.vercel.app/api/device-info:0
[  107436ms] [ERROR] Failed to load resource: the server responded with a status of 500 () @ https://wheelchair2-front.vercel.app/api/device-info:0
[  107442ms] [ERROR] Failed to load resource: the server responded with a status of 500 () @ https://wheelchair2-front.vercel.app/api/device-info:0
[  107444ms] [ERROR] Failed to load resource: the server responded with a status of 500 () @ https://wheelchair2-front.vercel.app/api/device-info:0
[  107445ms] [ERROR] Failed to load resource: the server responded with a status of 500 () @ https://wheelchair2-front.vercel.app/api/device-info:0
[  107450ms] [ERROR] Failed to load resource: the server responded with a status of 500 () @ https://wheelchair2-front.vercel.app/api/device-info:0
[  107467ms] [ERROR] Failed to load resource: the server responded with a status of 500 () @ https://wheelchair2-front.vercel.app/api/device-info:0
[  107495ms] [ERROR] Failed to load resource: the server responded with a status of 500 () @ https://wheelchair2-front.vercel.app/api/device-info:0
[  107496ms] [ERROR] Failed to load resource: the server responded with a status of 500 () @ https://wheelchair2-front.vercel.app/api/device-info:0
[  107499ms] [ERROR] Failed to load resource: the server responded with a status of 500 () @ https://wheelchair2-front.vercel.app/api/device-info:0
[  107499ms] [ERROR] Failed to load resource: the server responded with a status of 500 () @ https://wheelchair2-front.vercel.app/api/device-info:0
[  107504ms] [ERROR] Failed to load resource: the server responded with a status of 500 () @ https://wheelchair2-front.vercel.app/api/device-info:0
[  107511ms] [ERROR] Failed to load resource: the server responded with a status of 500 () @ https://wheelchair2-front.vercel.app/api/device-info:0
[  107513ms] [ERROR] Failed to load resource: the server responded with a status of 500 () @ https://wheelchair2-front.vercel.app/api/device-info:0
[  107521ms] [ERROR] Failed to load resource: the server responded with a status of 500 () @ https://wheelchair2-front.vercel.app/api/device-info:0
[  107530ms] [ERROR] Failed to load resource: the server responded with a status of 500 () @ https://wheelchair2-front.vercel.app/api/device-info:0
[  107543ms] [ERROR] Failed to load resource: the server responded with a status of 500 () @ https://wheelchair2-front.vercel.app/api/device-info:0
[  107553ms] [ERROR] Failed to load resource: the server responded with a status of 500 () @ https://wheelchair2-front.vercel.app/api/device-info:0
[  107555ms] [ERROR] Failed to load resource: the server responded with a status of 500 () @ https://wheelchair2-front.vercel.app/api/device-info:0
[  107555ms] [ERROR] Failed to load resource: the server responded with a status of 500 () @ https://wheelchair2-front.vercel.app/api/device-info:0
[  107559ms] [ERROR] Failed to load resource: the server responded with a status of 500 () @ https://wheelchair2-front.vercel.app/api/device-info:0
[  107567ms] [ERROR] Failed to load resource: the server responded with a status of 500 () @ https://wheelchair2-front.vercel.app/api/device-info:0
[  107579ms] [ERROR] Failed to load resource: the server responded with a status of 500 () @ https://wheelchair2-front.vercel.app/api/device-info:0
[  107582ms] [ERROR] Failed to load resource: the server responded with a status of 500 () @ https://wheelchair2-front.vercel.app/api/device-info:0
[  107584ms] [ERROR] Failed to load resource: the server responded with a status of 500 () @ https://wheelchair2-front.vercel.app/api/device-info:0
[  107585ms] [ERROR] Failed to load resource: the server responded with a status of 500 () @ https://wheelchair2-front.vercel.app/api/device-info:0
[  107587ms] [ERROR] Failed to load resource: the server responded with a status of 500 () @ https://wheelchair2-front.vercel.app/api/device-info:0
[  107588ms] [ERROR] Failed to load resource: the server responded with a status of 500 () @ https://wheelchair2-front.vercel.app/api/device-info:0
[  107596ms] [ERROR] Failed to load resource: the server responded with a status of 500 () @ https://wheelchair2-front.vercel.app/api/device-info:0
[  107599ms] [ERROR] Failed to load resource: the server responded with a status of 500 () @ https://wheelchair2-front.vercel.app/api/device-info:0
[  107619ms] [ERROR] Failed to load resource: the server responded with a status of 500 () @ https://wheelchair2-front.vercel.app/api/device-info:0
[  107620ms] [ERROR] Failed to load resource: the server responded with a status of 500 () @ https://wheelchair2-front.vercel.app/api/device-info:0
[  107654ms] [ERROR] Failed to load resource: the server responded with a status of 500 () @ https://wheelchair2-front.vercel.app/api/device-info:0
[  107658ms] [ERROR] Failed to load resource: the server responded with a status of 500 () @ https://wheelchair2-front.vercel.app/api/device-info:0
[  107662ms] [ERROR] Failed to load resource: the server responded with a status of 500 () @ https://wheelchair2-front.vercel.app/api/device-info:0
[  107666ms] [ERROR] Failed to load resource: the server responded with a status of 500 () @ https://wheelchair2-front.vercel.app/api/device-info:0
[  107668ms] [ERROR] Failed to load resource: the server responded with a status of 500 () @ https://wheelchair2-front.vercel.app/api/device-info:0
[  107675ms] [ERROR] Failed to load resource: the server responded with a status of 500 () @ https://wheelchair2-front.vercel.app/api/device-info:0
[  107679ms] [ERROR] Failed to load resource: the server responded with a status of 500 () @ https://wheelchair2-front.vercel.app/api/device-info:0
[  107681ms] [ERROR] Failed to load resource: the server responded with a status of 500 () @ https://wheelchair2-front.vercel.app/api/device-info:0
[  107682ms] [ERROR] Failed to load resource: the server responded with a status of 500 () @ https://wheelchair2-front.vercel.app/api/device-info:0
[  107683ms] [ERROR] Failed to load resource: the server responded with a status of 500 () @ https://wheelchair2-front.vercel.app/api/device-info:0
[  107686ms] [ERROR] Failed to load resource: the server responded with a status of 500 () @ https://wheelchair2-front.vercel.app/api/device-info:0
[  107700ms] [ERROR] Failed to load resource: the server responded with a status of 500 () @ https://wheelchair2-front.vercel.app/api/device-info:0
[  107701ms] [ERROR] Failed to load resource: the server responded with a status of 500 () @ https://wheelchair2-front.vercel.app/api/device-info:0
[  107702ms] [ERROR] Failed to load resource: the server responded with a status of 500 () @ https://wheelchair2-front.vercel.app/api/device-info:0
[  107705ms] [ERROR] Failed to load resource: the server responded with a status of 500 () @ https://wheelchair2-front.vercel.app/api/device-info:0
[  107709ms] [ERROR] Failed to load resource: the server responded with a status of 500 () @ https://wheelchair2-front.vercel.app/api/device-info:0
[  107711ms] [ERROR] Failed to load resource: the server responded with a status of 500 () @ https://wheelchair2-front.vercel.app/api/device-info:0
[  107712ms] [ERROR] Failed to load resource: the server responded with a status of 500 () @ https://wheelchair2-front.vercel.app/api/device-info:0
[  107713ms] [ERROR] Failed to load resource: the server responded with a status of 500 () @ https://wheelchair2-front.vercel.app/api/device-info:0
[  107715ms] [ERROR] Failed to load resource: the server responded with a status of 500 () @ https://wheelchair2-front.vercel.app/api/device-info:0
[  107716ms] [ERROR] Failed to load resource: the server responded with a status of 500 () @ https://wheelchair2-front.vercel.app/api/device-info:0
[  107717ms] [ERROR] Failed to load resource: the server responded with a status of 500 () @ https://wheelchair2-front.vercel.app/api/device-info:0
[  107718ms] [ERROR] Failed to load resource: the server responded with a status of 500 () @ https://wheelchair2-front.vercel.app/api/device-info:0
[  107721ms] [ERROR] Failed to load resource: the server responded with a status of 500 () @ https://wheelchair2-front.vercel.app/api/device-info:0
[  107723ms] [ERROR] Failed to load resource: the server responded with a status of 500 () @ https://wheelchair2-front.vercel.app/api/device-info:0
[  107731ms] [ERROR] Failed to load resource: the server responded with a status of 500 () @ https://wheelchair2-front.vercel.app/api/device-info:0
[  107732ms] [ERROR] Failed to load resource: the server responded with a status of 500 () @ https://wheelchair2-front.vercel.app/api/device-info:0
[  107732ms] [ERROR] Failed to load resource: the server responded with a status of 500 () @ https://wheelchair2-front.vercel.app/api/device-info:0
[  107733ms] [ERROR] Failed to load resource: the server responded with a status of 500 () @ https://wheelchair2-front.vercel.app/api/device-info:0
[  107735ms] [ERROR] Failed to load resource: the server responded with a status of 500 () @ https://wheelchair2-front.vercel.app/api/device-info:0
[  107738ms] [ERROR] Failed to load resource: the server responded with a status of 500 () @ https://wheelchair2-front.vercel.app/api/device-info:0
[  107743ms] [ERROR] Failed to load resource: the server responded with a status of 500 () @ https://wheelchair2-front.vercel.app/api/device-info:0
[  110823ms] [WARNING] The resource https://wheelchair2-front.vercel.app/_next/static/css/22f1e50fa1b6c8bd.css was preloaded using link preload but not used within a few seconds from the window's load event. Please make sure it has an appropriate `as` value and it is preloaded intentionally. @ https://wheelchair2-front.vercel.app/mobile-view:0
